<?xml version="1.0" encoding="UTF-8"?>
<!-- Generated by org.testng.reporters.JUnitXMLReporter -->
<testsuite hostname="DESKTOP-TC004CS" ignored="0" name="Test" tests="5" failures="0" timestamp="14 Aug 2019 09:30:47 GMT" time="81.352" errors="0">
  <testcase name="confirmFlightTest" time="8.965" classname="com.hyder.tests.FlightConfirmationAndLogoutTest"/>
  <testcase name="bookAFlight" time="8.231" classname="com.hyder.tests.BookAFlightTest"/>
  <testcase name="validSignInTest" time="6.722" classname="com.hyder.tests.SignInTest"/>
  <testcase name="selectAFlightTest" time="7.848" classname="com.hyder.tests.SelectAFlightTest"/>
  <testcase name="findAFlightTest" time="7.145" classname="com.hyder.tests.FindAFlightTest"/>
</testsuite> <!-- Test -->
