<?xml version="1.0" encoding="UTF-8"?>
<testng-results skipped="0" failed="0" ignored="0" total="1" passed="1">
  <reporter-output>
  </reporter-output>
  <suite name="Default suite" duration-ms="25255" started-at="2019-08-15T11:03:24Z" finished-at="2019-08-15T11:03:49Z">
    <groups>
    </groups>
    <test name="Default test" duration-ms="25255" started-at="2019-08-15T11:03:24Z" finished-at="2019-08-15T11:03:49Z">
      <class name="com.hyder.tests.BookAFlightTest">
        <test-method status="PASS" signature="setUp()[pri:0, instance:com.hyder.tests.BookAFlightTest@cc285f4]" name="setUp" is-config="true" duration-ms="12776" started-at="2019-08-15T11:03:24Z" finished-at="2019-08-15T11:03:36Z">
          <reporter-output>
          </reporter-output>
        </test-method> <!-- setUp -->
        <test-method status="PASS" signature="bookAFlight()[pri:0, instance:com.hyder.tests.BookAFlightTest@cc285f4]" name="bookAFlight" duration-ms="8736" started-at="2019-08-15T11:03:36Z" finished-at="2019-08-15T11:03:45Z">
          <reporter-output>
          </reporter-output>
        </test-method> <!-- bookAFlight -->
        <test-method status="PASS" signature="tearDown()[pri:0, instance:com.hyder.tests.BookAFlightTest@cc285f4]" name="tearDown" is-config="true" duration-ms="3716" started-at="2019-08-15T11:03:45Z" finished-at="2019-08-15T11:03:49Z">
          <reporter-output>
          </reporter-output>
        </test-method> <!-- tearDown -->
      </class> <!-- com.hyder.tests.BookAFlightTest -->
    </test> <!-- Default test -->
  </suite> <!-- Default suite -->
</testng-results>
